01/09/2024 19:05:58 INFO    Ini        -------------------------------------------------------------------------------------------------------------
01/09/2024 19:05:58 INFO    Ini        Version S.O.: Microsoft Windows 11 Pro Build(22631)  64 bits
01/09/2024 19:05:58 INFO    Ini        Memoria total 2097151 Kb, libre 2097151 Kb (100%).
01/09/2024 19:05:58 INFO    Ini        Activando sistema de LOG             ... : Correcto.
01/09/2024 19:05:59 INFO    Ini        Activando estado aplicacion          ... : Correcto.
01/09/2024 19:05:59 INFO    General    Ejecucion de la aplicacion concluida
01/09/2024 19:06:03 INFO    End        Desactivando estado aplicacion       ... : Correcto.
01/09/2024 19:06:03 INFO    End        Desactivando sistema de LOG          ... : Correcto.
01/09/2024 19:06:03 INFO    End        -------------------------------------------------------------------------------------------------------------
01/09/2024 19:06:32 INFO    Ini        -------------------------------------------------------------------------------------------------------------
01/09/2024 19:06:32 INFO    Ini        Version S.O.: Microsoft Windows 11 Pro Build(22631)  64 bits
01/09/2024 19:06:32 INFO    Ini        Memoria total 2097151 Kb, libre 2097151 Kb (100%).
01/09/2024 19:06:32 INFO    Ini        Activando sistema de LOG             ... : Correcto.
01/09/2024 19:06:33 INFO    Ini        Activando estado aplicacion          ... : Correcto.
01/09/2024 19:06:33 INFO    General    Ejecucion de la aplicacion concluida
01/09/2024 19:06:38 INFO    End        Desactivando estado aplicacion       ... : Correcto.
01/09/2024 19:06:38 INFO    End        Desactivando sistema de LOG          ... : Correcto.
01/09/2024 19:06:38 INFO    End        -------------------------------------------------------------------------------------------------------------
01/09/2024 19:07:29 INFO    Ini        -------------------------------------------------------------------------------------------------------------
01/09/2024 19:07:29 INFO    Ini        Version S.O.: Microsoft Windows 11 Pro Build(22631)  64 bits
01/09/2024 19:07:29 INFO    Ini        Memoria total 2097151 Kb, libre 2097151 Kb (100%).
01/09/2024 19:07:29 INFO    Ini        Activando sistema de LOG             ... : Correcto.
01/09/2024 19:07:29 INFO    Ini        Activando estado aplicacion          ... : Correcto.
01/09/2024 19:07:29 INFO    General    Ejecucion de la aplicacion concluida
01/09/2024 19:07:30 INFO    End        Desactivando estado aplicacion       ... : Correcto.
01/09/2024 19:07:30 INFO    End        Desactivando sistema de LOG          ... : Correcto.
01/09/2024 19:07:30 INFO    End        -------------------------------------------------------------------------------------------------------------
