13/01/2025 11:41:44 INFO    Ini        -------------------------------------------------------------------------------------------------------------
13/01/2025 11:41:44 INFO    Ini        S.O. version: Microsoft Windows 11 Pro Build(26100)  64 bits
13/01/2025 11:41:44 INFO    Ini        Total memory 2097151 Kb, free 2097151 Kb (100%).
13/01/2025 11:41:44 INFO    Ini        Activating LOG system                ... : Ok.
13/01/2025 11:41:44 INFO    Ini        Activating App status                ... : Ok.
13/01/2025 11:41:44 INFO    Ini        Activating Internet status           ... : Ok.
13/01/2025 11:42:01 WARNING Status     Key pressed: 0x1B [?]
13/01/2025 11:42:01 INFO    General    Application closed by the user
13/01/2025 11:42:01 INFO    End        Disabling Internet status            ... : Ok.
13/01/2025 11:42:01 INFO    End        Disabling App status                 ... : Ok.
13/01/2025 11:42:01 INFO    End        Disabling LOG system                 ... : Ok.
13/01/2025 11:42:01 INFO    End        -------------------------------------------------------------------------------------------------------------
13/01/2025 12:11:07 INFO    Ini        -------------------------------------------------------------------------------------------------------------
13/01/2025 12:11:07 INFO    Ini        S.O. version: Microsoft Windows 11 Pro Build(26100)  64 bits
13/01/2025 12:11:07 INFO    Ini        Total memory 2097151 Kb, free 2097151 Kb (100%).
13/01/2025 12:11:07 INFO    Ini        Activating LOG system                ... : Ok.
13/01/2025 12:11:07 INFO    Ini        Activating App status                ... : Ok.
13/01/2025 12:11:07 INFO    Ini        Activating Internet status           ... : Ok.
13/01/2025 13:25:05 INFO    Ini        -------------------------------------------------------------------------------------------------------------
13/01/2025 13:25:05 INFO    Ini        S.O. version: Microsoft Windows 11 Pro Build(26100)  64 bits
13/01/2025 13:25:05 INFO    Ini        Total memory 2097151 Kb, free 2097151 Kb (100%).
13/01/2025 13:25:05 INFO    Ini        Activating LOG system                ... : Ok.
13/01/2025 13:25:05 INFO    Ini        Activating App status                ... : Ok.
13/01/2025 13:25:05 INFO    Ini        Activating Internet status           ... : Ok.
13/01/2025 13:25:11 WARNING Status     Key pressed: 0x54 [T]
13/01/2025 13:25:26 INFO    Ini        -------------------------------------------------------------------------------------------------------------
13/01/2025 13:25:26 INFO    Ini        S.O. version: Microsoft Windows 11 Pro Build(26100)  64 bits
13/01/2025 13:25:26 INFO    Ini        Total memory 2097151 Kb, free 2097151 Kb (100%).
13/01/2025 13:25:26 INFO    Ini        Activating LOG system                ... : Ok.
13/01/2025 13:25:26 INFO    Ini        Activating App status                ... : Ok.
13/01/2025 13:25:26 INFO    Ini        Activating Internet status           ... : Ok.
13/01/2025 13:25:30 WARNING Status     Key pressed: 0x54 [T]
13/01/2025 13:25:49 INFO    Ini        -------------------------------------------------------------------------------------------------------------
13/01/2025 13:25:49 INFO    Ini        S.O. version: Microsoft Windows 11 Pro Build(26100)  64 bits
13/01/2025 13:25:49 INFO    Ini        Total memory 2097151 Kb, free 2097151 Kb (100%).
13/01/2025 13:25:49 INFO    Ini        Activating LOG system                ... : Ok.
13/01/2025 13:25:49 INFO    Ini        Activating App status                ... : Ok.
13/01/2025 13:25:49 INFO    Ini        Activating Internet status           ... : Ok.
13/01/2025 13:25:58 WARNING Status     Key pressed: 0x54 [T]
13/01/2025 13:26:38 INFO    Ini        -------------------------------------------------------------------------------------------------------------
13/01/2025 13:26:38 INFO    Ini        S.O. version: Microsoft Windows 11 Pro Build(26100)  64 bits
13/01/2025 13:26:38 INFO    Ini        Total memory 2097151 Kb, free 2097151 Kb (100%).
13/01/2025 13:26:38 INFO    Ini        Activating LOG system                ... : Ok.
13/01/2025 13:26:38 INFO    Ini        Activating App status                ... : Ok.
13/01/2025 13:26:38 INFO    Ini        Activating Internet status           ... : Ok.
13/01/2025 13:26:47 WARNING Status     Key pressed: 0x54 [T]
13/01/2025 13:30:15 INFO    Ini        -------------------------------------------------------------------------------------------------------------
13/01/2025 13:30:15 INFO    Ini        S.O. version: Microsoft Windows 11 Pro Build(26100)  64 bits
13/01/2025 13:30:15 INFO    Ini        Total memory 2097151 Kb, free 2097151 Kb (100%).
13/01/2025 13:30:15 INFO    Ini        Activating LOG system                ... : Ok.
13/01/2025 13:30:15 INFO    Ini        Activating App status                ... : Ok.
13/01/2025 13:30:15 INFO    Ini        Activating Internet status           ... : Ok.
13/01/2025 13:30:21 WARNING Status     Key pressed: 0x54 [T]
13/01/2025 13:31:29 INFO    Ini        -------------------------------------------------------------------------------------------------------------
13/01/2025 13:31:29 INFO    Ini        S.O. version: Microsoft Windows 11 Pro Build(26100)  64 bits
13/01/2025 13:31:29 INFO    Ini        Total memory 2097151 Kb, free 2097151 Kb (100%).
13/01/2025 13:31:29 INFO    Ini        Activating LOG system                ... : Ok.
13/01/2025 13:31:29 INFO    Ini        Activating App status                ... : Ok.
13/01/2025 13:31:29 INFO    Ini        Activating Internet status           ... : Ok.
13/01/2025 13:31:39 WARNING Status     Key pressed: 0x54 [T]
13/01/2025 13:59:30 INFO    Ini        -------------------------------------------------------------------------------------------------------------
13/01/2025 13:59:30 INFO    Ini        S.O. version: Microsoft Windows 11 Pro Build(26100)  64 bits
13/01/2025 13:59:30 INFO    Ini        Total memory 2097151 Kb, free 2097151 Kb (100%).
13/01/2025 13:59:30 INFO    Ini        Activating LOG system                ... : Ok.
13/01/2025 13:59:31 INFO    Ini        Activating App status                ... : Ok.
13/01/2025 13:59:31 INFO    Ini        Activating Internet status           ... : Ok.
13/01/2025 13:59:46 WARNING Status     Key pressed: 0x54 [T]
13/01/2025 14:02:50 INFO    Ini        -------------------------------------------------------------------------------------------------------------
13/01/2025 14:02:50 INFO    Ini        S.O. version: Microsoft Windows 11 Pro Build(26100)  64 bits
13/01/2025 14:02:50 INFO    Ini        Total memory 2097151 Kb, free 2097151 Kb (100%).
13/01/2025 14:02:50 INFO    Ini        Activating LOG system                ... : Ok.
13/01/2025 14:02:51 INFO    Ini        Activating App status                ... : Ok.
13/01/2025 14:02:51 INFO    Ini        Activating Internet status           ... : Ok.
13/01/2025 21:02:13 INFO    Ini        -------------------------------------------------------------------------------------------------------------
13/01/2025 21:02:13 INFO    Ini        S.O. version: Microsoft Windows 11 Pro Build(26100)  64 bits
13/01/2025 21:02:13 INFO    Ini        Total memory 2097151 Kb, free 2097151 Kb (100%).
13/01/2025 21:02:13 INFO    Ini        Activating LOG system                ... : Ok.
13/01/2025 21:02:13 INFO    Ini        Activating App status                ... : Ok.
13/01/2025 21:02:13 INFO    Ini        Activating Internet status           ... : Ok.
13/01/2025 21:02:19 WARNING Status     Key pressed: 0x54 [T]
17/01/2025 12:14:18 INFO    Ini        -------------------------------------------------------------------------------------------------------------
17/01/2025 12:14:18 INFO    Ini        S.O. version: Microsoft Windows 11 Pro Build(26100)  64 bits
17/01/2025 12:14:18 INFO    Ini        Total memory 2097151 Kb, free 2097151 Kb (100%).
17/01/2025 12:14:18 INFO    Ini        Activating LOG system                ... : Ok.
17/01/2025 12:14:19 INFO    Ini        Activating App status                ... : Ok.
17/01/2025 12:14:19 INFO    Ini        Activating Internet status           ... : Ok.
17/01/2025 12:15:04 INFO    Ini        -------------------------------------------------------------------------------------------------------------
17/01/2025 12:15:04 INFO    Ini        S.O. version: Microsoft Windows 11 Pro Build(26100)  64 bits
17/01/2025 12:15:04 INFO    Ini        Total memory 2097151 Kb, free 2097151 Kb (100%).
17/01/2025 12:15:04 INFO    Ini        Activating LOG system                ... : Ok.
17/01/2025 12:15:05 INFO    Ini        Activating App status                ... : Ok.
17/01/2025 12:15:05 INFO    Ini        Activating Internet status           ... : Ok.
17/01/2025 12:15:15 WARNING Status     Key pressed: 0x54 [T]
17/01/2025 12:29:06 INFO    Ini        -------------------------------------------------------------------------------------------------------------
17/01/2025 12:29:06 INFO    Ini        S.O. version: Microsoft Windows 11 Pro Build(26100)  64 bits
17/01/2025 12:29:06 INFO    Ini        Total memory 2097151 Kb, free 2097151 Kb (100%).
17/01/2025 12:29:06 INFO    Ini        Activating LOG system                ... : Ok.
17/01/2025 12:29:06 INFO    Ini        Activating App status                ... : Ok.
17/01/2025 12:29:06 INFO    Ini        Activating Internet status           ... : Ok.
17/01/2025 12:29:13 WARNING Status     Key pressed: 0x54 [T]
17/01/2025 18:56:37 INFO    Ini        -------------------------------------------------------------------------------------------------------------
17/01/2025 18:56:37 INFO    Ini        S.O. version: Microsoft Windows 11 Pro Build(26100)  64 bits
17/01/2025 18:56:37 INFO    Ini        Total memory 2097151 Kb, free 2097151 Kb (100%).
17/01/2025 18:56:37 INFO    Ini        Activating LOG system                ... : Ok.
17/01/2025 18:56:37 INFO    Ini        Activating App status                ... : Ok.
17/01/2025 18:56:37 INFO    Ini        Activating Internet status           ... : Ok.
17/01/2025 18:56:37 WARNING Status     Key pressed: 0x58 [X]
17/01/2025 18:56:37 WARNING Status     Key pressed: 0x54 [T]
17/01/2025 18:56:43 WARNING Status     Key pressed: 0x72 [r]
17/01/2025 18:56:43 WARNING Status     Key pressed: 0x61 [a]
17/01/2025 18:56:43 WARNING Status     Key pressed: 0x63 [c]
17/01/2025 18:56:43 WARNING Status     Key pressed: 0x65 [e]
17/01/2025 18:56:43 WARNING Status     Key pressed: 0x4D [M]
17/01/2025 18:56:43 WARNING Status     Key pressed: 0x6F [o]
17/01/2025 18:56:43 WARNING Status     Key pressed: 0x6E [n]
17/01/2025 18:56:44 WARNING Status     Key pressed: 0x69 [i]
17/01/2025 18:56:44 WARNING Status     Key pressed: 0x74 [t]
17/01/2025 18:56:44 WARNING Status     Key pressed: 0x6F [o]
17/01/2025 18:56:44 WARNING Status     Key pressed: 0x72 [r]
17/01/2025 18:56:44 WARNING Status     Key pressed: 0x2E [.]
17/01/2025 18:56:44 WARNING Status     Key pressed: 0x69 [i]
17/01/2025 18:56:44 WARNING Status     Key pressed: 0x6E [n]
17/01/2025 18:56:46 WARNING Status     Key pressed: 0x69 [i]
17/01/2025 18:56:50 WARNING Status     Key pressed: 0x54 [T]
17/01/2025 18:58:57 INFO    Ini        -------------------------------------------------------------------------------------------------------------
17/01/2025 18:58:57 INFO    Ini        S.O. version: Microsoft Windows 11 Pro Build(26100)  64 bits
17/01/2025 18:58:57 INFO    Ini        Total memory 2097151 Kb, free 2097151 Kb (100%).
17/01/2025 18:58:57 INFO    Ini        Activating LOG system                ... : Ok.
17/01/2025 18:58:57 INFO    Ini        Activating App status                ... : Ok.
17/01/2025 18:58:58 INFO    Ini        Activating Internet status           ... : Ok.
17/01/2025 18:59:29 WARNING Status     Key pressed: 0x54 [T]
17/01/2025 19:00:21 INFO    Ini        -------------------------------------------------------------------------------------------------------------
17/01/2025 19:00:21 INFO    Ini        S.O. version: Microsoft Windows 11 Pro Build(26100)  64 bits
17/01/2025 19:00:21 INFO    Ini        Total memory 2097151 Kb, free 2097151 Kb (100%).
17/01/2025 19:00:21 INFO    Ini        Activating LOG system                ... : Ok.
17/01/2025 19:00:21 INFO    Ini        Activating App status                ... : Ok.
17/01/2025 19:00:21 INFO    Ini        Activating Internet status           ... : Ok.
17/01/2025 19:00:30 WARNING Status     Key pressed: 0x54 [T]
17/01/2025 19:01:32 INFO    Ini        -------------------------------------------------------------------------------------------------------------
17/01/2025 19:01:32 INFO    Ini        S.O. version: Microsoft Windows 11 Pro Build(26100)  64 bits
17/01/2025 19:01:32 INFO    Ini        Total memory 2097151 Kb, free 2097151 Kb (100%).
17/01/2025 19:01:32 INFO    Ini        Activating LOG system                ... : Ok.
17/01/2025 19:01:32 INFO    Ini        Activating App status                ... : Ok.
17/01/2025 19:01:32 INFO    Ini        Activating Internet status           ... : Ok.
17/01/2025 19:18:46 INFO    Ini        -------------------------------------------------------------------------------------------------------------
17/01/2025 19:18:46 INFO    Ini        S.O. version: Microsoft Windows 11 Pro Build(26100)  64 bits
17/01/2025 19:18:46 INFO    Ini        Total memory 2097151 Kb, free 2097151 Kb (100%).
17/01/2025 19:18:46 INFO    Ini        Activating LOG system                ... : Ok.
17/01/2025 19:18:47 INFO    Ini        Activating App status                ... : Ok.
17/01/2025 19:18:47 INFO    Ini        Activating Internet status           ... : Ok.
17/01/2025 19:20:15 INFO    Ini        -------------------------------------------------------------------------------------------------------------
17/01/2025 19:20:15 INFO    Ini        S.O. version: Microsoft Windows 11 Pro Build(26100)  64 bits
17/01/2025 19:20:15 INFO    Ini        Total memory 2097151 Kb, free 2097151 Kb (100%).
17/01/2025 19:20:15 INFO    Ini        Activating LOG system                ... : Ok.
17/01/2025 19:20:16 INFO    Ini        Activating App status                ... : Ok.
17/01/2025 19:20:16 INFO    Ini        Activating Internet status           ... : Ok.
17/01/2025 19:20:33 WARNING Status     Key pressed: 0x1B [?]
17/01/2025 19:20:33 INFO    General    Application closed by the user
17/01/2025 19:20:34 INFO    End        Disabling Internet status            ... : Ok.
17/01/2025 19:20:34 INFO    End        Disabling App status                 ... : Ok.
17/01/2025 19:20:34 INFO    End        Disabling LOG system                 ... : Ok.
17/01/2025 19:20:34 INFO    End        -------------------------------------------------------------------------------------------------------------
17/01/2025 19:22:39 INFO    Ini        -------------------------------------------------------------------------------------------------------------
17/01/2025 19:22:39 INFO    Ini        S.O. version: Microsoft Windows 11 Pro Build(26100)  64 bits
17/01/2025 19:22:39 INFO    Ini        Total memory 2097151 Kb, free 2097151 Kb (100%).
17/01/2025 19:22:39 INFO    Ini        Activating LOG system                ... : Ok.
17/01/2025 19:22:40 INFO    Ini        Activating App status                ... : Ok.
17/01/2025 19:22:40 INFO    Ini        Activating Internet status           ... : Ok.
17/01/2025 19:23:42 INFO    Ini        -------------------------------------------------------------------------------------------------------------
17/01/2025 19:23:42 INFO    Ini        S.O. version: Microsoft Windows 11 Pro Build(26100)  64 bits
17/01/2025 19:23:42 INFO    Ini        Total memory 2097151 Kb, free 2097151 Kb (100%).
17/01/2025 19:23:42 INFO    Ini        Activating LOG system                ... : Ok.
17/01/2025 19:23:43 INFO    Ini        Activating App status                ... : Ok.
17/01/2025 19:23:43 INFO    Ini        Activating Internet status           ... : Ok.
17/01/2025 19:30:03 INFO    Ini        -------------------------------------------------------------------------------------------------------------
17/01/2025 19:30:03 INFO    Ini        S.O. version: Microsoft Windows 11 Pro Build(26100)  64 bits
17/01/2025 19:30:03 INFO    Ini        Total memory 2097151 Kb, free 2097151 Kb (100%).
17/01/2025 19:30:03 INFO    Ini        Activating LOG system                ... : Ok.
17/01/2025 19:30:03 INFO    Ini        Activating App status                ... : Ok.
17/01/2025 19:30:03 INFO    Ini        Activating Internet status           ... : Ok.
17/01/2025 19:30:25 WARNING Status     Key pressed: 0x54 [T]
17/01/2025 19:41:23 INFO    Ini        -------------------------------------------------------------------------------------------------------------
17/01/2025 19:41:23 INFO    Ini        S.O. version: Microsoft Windows 11 Pro Build(26100)  64 bits
17/01/2025 19:41:23 INFO    Ini        Total memory 2097151 Kb, free 2097151 Kb (100%).
17/01/2025 19:41:23 INFO    Ini        Activating LOG system                ... : Ok.
17/01/2025 19:41:23 INFO    Ini        Activating App status                ... : Ok.
17/01/2025 19:41:23 INFO    Ini        Activating Internet status           ... : Ok.
17/01/2025 19:41:36 WARNING Status     Key pressed: 0x54 [T]
17/01/2025 19:56:44 INFO    Ini        -------------------------------------------------------------------------------------------------------------
17/01/2025 19:56:44 INFO    Ini        S.O. version: Microsoft Windows 11 Pro Build(26100)  64 bits
17/01/2025 19:56:44 INFO    Ini        Total memory 2097151 Kb, free 2097151 Kb (100%).
17/01/2025 19:56:44 INFO    Ini        Activating LOG system                ... : Ok.
17/01/2025 19:56:44 INFO    Ini        Activating App status                ... : Ok.
17/01/2025 19:56:44 INFO    Ini        Activating Internet status           ... : Ok.
17/01/2025 19:57:05 WARNING Status     Key pressed: 0x54 [T]
17/01/2025 19:57:19 INFO    Ini        -------------------------------------------------------------------------------------------------------------
17/01/2025 19:57:19 INFO    Ini        S.O. version: Microsoft Windows 11 Pro Build(26100)  64 bits
17/01/2025 19:57:19 INFO    Ini        Total memory 2097151 Kb, free 2097151 Kb (100%).
17/01/2025 19:57:19 INFO    Ini        Activating LOG system                ... : Ok.
17/01/2025 19:57:19 INFO    Ini        Activating App status                ... : Ok.
17/01/2025 19:57:20 INFO    Ini        Activating Internet status           ... : Ok.
17/01/2025 19:57:23 WARNING Status     Key pressed: 0x54 [T]
17/01/2025 19:58:16 INFO    Ini        -------------------------------------------------------------------------------------------------------------
17/01/2025 19:58:16 INFO    Ini        S.O. version: Microsoft Windows 11 Pro Build(26100)  64 bits
17/01/2025 19:58:16 INFO    Ini        Total memory 2097151 Kb, free 2097151 Kb (100%).
17/01/2025 19:58:16 INFO    Ini        Activating LOG system                ... : Ok.
17/01/2025 19:58:16 INFO    Ini        Activating App status                ... : Ok.
17/01/2025 19:58:16 INFO    Ini        Activating Internet status           ... : Ok.
17/01/2025 19:59:06 WARNING Status     Key pressed: 0x54 [T]
17/01/2025 19:59:44 INFO    Ini        -------------------------------------------------------------------------------------------------------------
17/01/2025 19:59:44 INFO    Ini        S.O. version: Microsoft Windows 11 Pro Build(26100)  64 bits
17/01/2025 19:59:44 INFO    Ini        Total memory 2097151 Kb, free 2097151 Kb (100%).
17/01/2025 19:59:44 INFO    Ini        Activating LOG system                ... : Ok.
17/01/2025 19:59:44 INFO    Ini        Activating App status                ... : Ok.
17/01/2025 19:59:44 INFO    Ini        Activating Internet status           ... : Ok.
17/01/2025 19:59:48 WARNING Status     Key pressed: 0x54 [T]
17/01/2025 20:03:01 INFO    Ini        -------------------------------------------------------------------------------------------------------------
17/01/2025 20:03:01 INFO    Ini        S.O. version: Microsoft Windows 11 Pro Build(26100)  64 bits
17/01/2025 20:03:01 INFO    Ini        Total memory 2097151 Kb, free 2097151 Kb (100%).
17/01/2025 20:03:01 INFO    Ini        Activating LOG system                ... : Ok.
17/01/2025 20:03:01 INFO    Ini        Activating App status                ... : Ok.
17/01/2025 20:03:01 INFO    Ini        Activating Internet status           ... : Ok.
17/01/2025 20:03:03 WARNING Status     Key pressed: 0x54 [T]
17/01/2025 20:03:51 INFO    Ini        -------------------------------------------------------------------------------------------------------------
17/01/2025 20:03:51 INFO    Ini        S.O. version: Microsoft Windows 11 Pro Build(26100)  64 bits
17/01/2025 20:03:51 INFO    Ini        Total memory 2097151 Kb, free 2097151 Kb (100%).
17/01/2025 20:03:51 INFO    Ini        Activating LOG system                ... : Ok.
17/01/2025 20:03:51 INFO    Ini        Activating App status                ... : Ok.
17/01/2025 20:03:51 INFO    Ini        Activating Internet status           ... : Ok.
17/01/2025 20:03:59 WARNING Status     Key pressed: 0x54 [T]
17/01/2025 20:05:21 INFO    Ini        -------------------------------------------------------------------------------------------------------------
17/01/2025 20:05:21 INFO    Ini        S.O. version: Microsoft Windows 11 Pro Build(26100)  64 bits
17/01/2025 20:05:21 INFO    Ini        Total memory 2097151 Kb, free 2097151 Kb (100%).
17/01/2025 20:05:21 INFO    Ini        Activating LOG system                ... : Ok.
17/01/2025 20:05:22 INFO    Ini        Activating App status                ... : Ok.
17/01/2025 20:05:22 INFO    Ini        Activating Internet status           ... : Ok.
17/01/2025 20:05:26 WARNING Status     Key pressed: 0x54 [T]
17/01/2025 20:06:21 INFO    Ini        -------------------------------------------------------------------------------------------------------------
17/01/2025 20:06:21 INFO    Ini        S.O. version: Microsoft Windows 11 Pro Build(26100)  64 bits
17/01/2025 20:06:21 INFO    Ini        Total memory 2097151 Kb, free 2097151 Kb (100%).
17/01/2025 20:06:21 INFO    Ini        Activating LOG system                ... : Ok.
17/01/2025 20:06:21 INFO    Ini        Activating App status                ... : Ok.
17/01/2025 20:06:21 INFO    Ini        Activating Internet status           ... : Ok.
17/01/2025 20:06:28 WARNING Status     Key pressed: 0x54 [T]
17/01/2025 20:08:27 INFO    Ini        -------------------------------------------------------------------------------------------------------------
17/01/2025 20:08:27 INFO    Ini        S.O. version: Microsoft Windows 11 Pro Build(26100)  64 bits
17/01/2025 20:08:27 INFO    Ini        Total memory 2097151 Kb, free 2097151 Kb (100%).
17/01/2025 20:08:27 INFO    Ini        Activating LOG system                ... : Ok.
17/01/2025 20:08:27 INFO    Ini        Activating App status                ... : Ok.
17/01/2025 20:08:27 INFO    Ini        Activating Internet status           ... : Ok.
17/01/2025 20:08:34 WARNING Status     Key pressed: 0x58 [X]
17/01/2025 20:08:34 WARNING Status     Key pressed: 0x54 [T]
17/01/2025 20:08:48 WARNING Status     Key pressed: 0x52 [R]
17/01/2025 20:08:48 WARNING Status     Key pressed: 0x41 [A]
17/01/2025 20:08:48 WARNING Status     Key pressed: 0x43 [C]
17/01/2025 20:08:48 WARNING Status     Key pressed: 0x45 [E]
17/01/2025 20:08:48 WARNING Status     Key pressed: 0x5F [_]
17/01/2025 20:08:48 WARNING Status     Key pressed: 0x50 [P]
17/01/2025 20:08:48 WARNING Status     Key pressed: 0x52 [R]
17/01/2025 20:08:50 WARNING Status     Key pressed: 0x49 [I]
17/01/2025 20:08:50 WARNING Status     Key pressed: 0x4E [N]
17/01/2025 20:08:50 WARNING Status     Key pressed: 0x54 [T]
17/01/2025 20:09:04 WARNING Status     Key pressed: 0x43 [C]
17/01/2025 20:09:04 WARNING Status     Key pressed: 0x4F [O]
17/01/2025 20:09:04 WARNING Status     Key pressed: 0x4C [L]
17/01/2025 20:09:04 WARNING Status     Key pressed: 0x4F [O]
17/01/2025 20:09:04 WARNING Status     Key pressed: 0x52 [R]
17/01/2025 20:09:04 WARNING Status     Key pressed: 0x28 [(]
17/01/2025 20:09:04 WARNING Status     Key pressed: 0x58 [X]
17/01/2025 20:09:05 WARNING Status     Key pressed: 0x54 [T]
17/01/2025 20:09:19 WARNING Status     Key pressed: 0x52 [R]
17/01/2025 20:09:19 WARNING Status     Key pressed: 0x41 [A]
17/01/2025 20:09:19 WARNING Status     Key pressed: 0x43 [C]
17/01/2025 20:09:19 WARNING Status     Key pressed: 0x45 [E]
17/01/2025 20:09:19 WARNING Status     Key pressed: 0x5F [_]
17/01/2025 20:09:19 WARNING Status     Key pressed: 0x43 [C]
17/01/2025 20:09:19 WARNING Status     Key pressed: 0x4F [O]
17/01/2025 20:09:20 WARNING Status     Key pressed: 0x4C [L]
17/01/2025 20:09:20 WARNING Status     Key pressed: 0x4F [O]
17/01/2025 20:09:21 WARNING Status     Key pressed: 0x52 [R]
17/01/2025 20:09:21 WARNING Status     Key pressed: 0x5F [_]
17/01/2025 20:09:21 WARNING Status     Key pressed: 0x42 [B]
17/01/2025 20:09:21 WARNING Status     Key pressed: 0x4C [L]
17/01/2025 20:09:21 WARNING Status     Key pressed: 0x55 [U]
17/01/2025 20:09:22 WARNING Status     Key pressed: 0x45 [E]
17/01/2025 20:09:22 WARNING Status     Key pressed: 0x2C [,]
17/01/2025 20:09:22 WARNING Status     Key pressed: 0x20 [ ]
17/01/2025 20:09:22 WARNING Status     Key pressed: 0x5F [_]
17/01/2025 20:09:22 WARNING Status     Key pressed: 0x5F [_]
17/01/2025 20:09:22 WARNING Status     Key pressed: 0x4C [L]
17/01/2025 20:09:22 WARNING Status     Key pressed: 0x28 [(]
17/01/2025 20:09:24 WARNING Status     Key pressed: 0x22 ["]
17/01/2025 20:09:24 WARNING Status     Key pressed: 0x5B [[]
17/01/2025 20:09:24 WARNING Status     Key pressed: 0x25 [%]
17/01/2025 20:09:24 WARNING Status     Key pressed: 0x64 [d]
17/01/2025 20:09:24 WARNING Status     Key pressed: 0x5D []]
17/01/2025 20:09:24 WARNING Status     Key pressed: 0x20 [ ]
17/01/2025 20:09:24 WARNING Status     Key pressed: 0x5B [[]
17/01/2025 20:09:25 WARNING Status     Key pressed: 0x25 [%]
17/01/2025 20:09:25 WARNING Status     Key pressed: 0x73 [s]
17/01/2025 20:09:25 WARNING Status     Key pressed: 0x5D []]
17/01/2025 20:09:25 WARNING Status     Key pressed: 0x22 ["]
17/01/2025 20:09:25 WARNING Status     Key pressed: 0x29 [)]
17/01/2025 20:09:25 WARNING Status     Key pressed: 0x2C [,]
17/01/2025 20:09:25 WARNING Status     Key pressed: 0x20 [ ]
17/01/2025 20:09:27 WARNING Status     Key pressed: 0x63 [c]
17/01/2025 20:09:27 WARNING Status     Key pressed: 0x2C [,]
17/01/2025 20:09:27 WARNING Status     Key pressed: 0x20 [ ]
17/01/2025 20:09:27 WARNING Status     Key pressed: 0x70 [p]
17/01/2025 20:09:27 WARNING Status     Key pressed: 0x61 [a]
17/01/2025 20:09:27 WARNING Status     Key pressed: 0x74 [t]
17/01/2025 20:09:27 WARNING Status     Key pressed: 0x68 [h]
17/01/2025 20:09:28 WARNING Status     Key pressed: 0x2D [-]
17/01/2025 20:09:28 WARNING Status     Key pressed: 0x3E [>]
17/01/2025 20:09:28 WARNING Status     Key pressed: 0x47 [G]
17/01/2025 20:09:28 WARNING Status     Key pressed: 0x65 [e]
17/01/2025 20:09:28 WARNING Status     Key pressed: 0x74 [t]
17/01/2025 20:09:28 WARNING Status     Key pressed: 0x28 [(]
17/01/2025 20:09:28 WARNING Status     Key pressed: 0x29 [)]
17/01/2025 20:09:30 WARNING Status     Key pressed: 0x29 [)]
17/01/2025 20:09:30 WARNING Status     Key pressed: 0x3B [;]
17/01/2025 20:09:30 WARNING Status     Key pressed: 0x0D [?]
17/01/2025 20:39:29 INFO    Ini        -------------------------------------------------------------------------------------------------------------
17/01/2025 20:39:29 INFO    Ini        S.O. version: Microsoft Windows 11 Pro Build(26100)  64 bits
17/01/2025 20:39:29 INFO    Ini        Total memory 2097151 Kb, free 2097151 Kb (100%).
17/01/2025 20:39:29 INFO    Ini        Activating LOG system                ... : Ok.
17/01/2025 20:39:29 INFO    Ini        Activating App status                ... : Ok.
17/01/2025 20:39:30 INFO    Ini        Activating Internet status           ... : Ok.
17/01/2025 20:39:39 WARNING Status     Key pressed: 0x54 [T]
17/01/2025 20:51:04 INFO    Ini        -------------------------------------------------------------------------------------------------------------
17/01/2025 20:51:04 INFO    Ini        S.O. version: Microsoft Windows 11 Pro Build(26100)  64 bits
17/01/2025 20:51:04 INFO    Ini        Total memory 2097151 Kb, free 2097151 Kb (100%).
17/01/2025 20:51:04 INFO    Ini        Activating LOG system                ... : Ok.
17/01/2025 20:51:05 INFO    Ini        Activating App status                ... : Ok.
17/01/2025 20:51:05 INFO    Ini        Activating Internet status           ... : Ok.
17/01/2025 20:51:10 WARNING Status     Key pressed: 0x54 [T]
17/01/2025 20:59:09 INFO    Ini        -------------------------------------------------------------------------------------------------------------
17/01/2025 20:59:09 INFO    Ini        S.O. version: Microsoft Windows 11 Pro Build(26100)  64 bits
17/01/2025 20:59:09 INFO    Ini        Total memory 2097151 Kb, free 2097151 Kb (100%).
17/01/2025 20:59:09 INFO    Ini        Activating LOG system                ... : Ok.
17/01/2025 20:59:09 INFO    Ini        Activating App status                ... : Ok.
17/01/2025 20:59:09 INFO    Ini        Activating Internet status           ... : Ok.
17/01/2025 20:59:16 WARNING Status     Key pressed: 0x54 [T]
17/01/2025 21:04:31 INFO    Ini        -------------------------------------------------------------------------------------------------------------
17/01/2025 21:04:31 INFO    Ini        S.O. version: Microsoft Windows 11 Pro Build(26100)  64 bits
17/01/2025 21:04:31 INFO    Ini        Total memory 2097151 Kb, free 2097151 Kb (100%).
17/01/2025 21:04:31 INFO    Ini        Activating LOG system                ... : Ok.
17/01/2025 21:04:31 INFO    Ini        Activating App status                ... : Ok.
17/01/2025 21:04:31 INFO    Ini        Activating Internet status           ... : Ok.
17/01/2025 21:04:35 WARNING Status     Key pressed: 0x54 [T]
17/01/2025 21:13:36 INFO    Ini        -------------------------------------------------------------------------------------------------------------
17/01/2025 21:13:36 INFO    Ini        S.O. version: Microsoft Windows 11 Pro Build(26100)  64 bits
17/01/2025 21:13:36 INFO    Ini        Total memory 2097151 Kb, free 2097151 Kb (100%).
17/01/2025 21:13:36 INFO    Ini        Activating LOG system                ... : Ok.
17/01/2025 21:13:36 INFO    Ini        Activating App status                ... : Ok.
17/01/2025 21:13:36 INFO    Ini        Activating Internet status           ... : Ok.
17/01/2025 21:13:40 WARNING Status     Key pressed: 0x54 [T]
17/01/2025 21:15:18 INFO    Ini        -------------------------------------------------------------------------------------------------------------
17/01/2025 21:15:18 INFO    Ini        S.O. version: Microsoft Windows 11 Pro Build(26100)  64 bits
17/01/2025 21:15:18 INFO    Ini        Total memory 2097151 Kb, free 2097151 Kb (100%).
17/01/2025 21:15:18 INFO    Ini        Activating LOG system                ... : Ok.
17/01/2025 21:15:18 INFO    Ini        Activating App status                ... : Ok.
17/01/2025 21:15:19 INFO    Ini        Activating Internet status           ... : Ok.
17/01/2025 21:15:24 WARNING Status     Key pressed: 0x54 [T]
17/01/2025 21:16:03 INFO    Ini        -------------------------------------------------------------------------------------------------------------
17/01/2025 21:16:03 INFO    Ini        S.O. version: Microsoft Windows 11 Pro Build(26100)  64 bits
17/01/2025 21:16:03 INFO    Ini        Total memory 2097151 Kb, free 2097151 Kb (100%).
17/01/2025 21:16:03 INFO    Ini        Activating LOG system                ... : Ok.
17/01/2025 21:16:03 INFO    Ini        Activating App status                ... : Ok.
17/01/2025 21:16:03 INFO    Ini        Activating Internet status           ... : Ok.
17/01/2025 21:16:27 WARNING Status     Key pressed: 0x54 [T]
17/01/2025 21:28:55 INFO    Ini        -------------------------------------------------------------------------------------------------------------
17/01/2025 21:28:55 INFO    Ini        S.O. version: Microsoft Windows 11 Pro Build(26100)  64 bits
17/01/2025 21:28:55 INFO    Ini        Total memory 2097151 Kb, free 2097151 Kb (100%).
17/01/2025 21:28:55 INFO    Ini        Activating LOG system                ... : Ok.
17/01/2025 21:28:56 INFO    Ini        Activating App status                ... : Ok.
17/01/2025 21:28:56 INFO    Ini        Activating Internet status           ... : Ok.
17/01/2025 21:29:01 WARNING Status     Key pressed: 0x54 [T]
17/01/2025 21:30:05 INFO    Ini        -------------------------------------------------------------------------------------------------------------
17/01/2025 21:30:06 INFO    Ini        S.O. version: Microsoft Windows 11 Pro Build(26100)  64 bits
17/01/2025 21:30:06 INFO    Ini        Total memory 2097151 Kb, free 2097151 Kb (100%).
17/01/2025 21:30:06 INFO    Ini        Activating LOG system                ... : Ok.
17/01/2025 21:30:06 INFO    Ini        Activating App status                ... : Ok.
17/01/2025 21:30:06 INFO    Ini        Activating Internet status           ... : Ok.
17/01/2025 21:30:13 WARNING Status     Key pressed: 0x62 [b]
17/01/2025 21:30:13 WARNING Status     Key pressed: 0x72 [r]
17/01/2025 21:30:13 WARNING Status     Key pressed: 0x69 [i]
17/01/2025 21:30:13 WARNING Status     Key pressed: 0x65 [e]
17/01/2025 21:30:13 WARNING Status     Key pressed: 0x66 [f]
17/01/2025 21:30:16 WARNING Status     Key pressed: 0x54 [T]
17/01/2025 21:38:15 INFO    Ini        -------------------------------------------------------------------------------------------------------------
17/01/2025 21:38:15 INFO    Ini        S.O. version: Microsoft Windows 11 Pro Build(26100)  64 bits
17/01/2025 21:38:15 INFO    Ini        Total memory 2097151 Kb, free 2097151 Kb (100%).
17/01/2025 21:38:15 INFO    Ini        Activating LOG system                ... : Ok.
17/01/2025 21:38:16 INFO    Ini        Activating App status                ... : Ok.
17/01/2025 21:38:16 INFO    Ini        Activating Internet status           ... : Ok.
17/01/2025 21:38:26 WARNING Status     Key pressed: 0x54 [T]
17/01/2025 21:48:39 INFO    Ini        -------------------------------------------------------------------------------------------------------------
17/01/2025 21:48:39 INFO    Ini        S.O. version: Microsoft Windows 11 Pro Build(26100)  64 bits
17/01/2025 21:48:39 INFO    Ini        Total memory 2097151 Kb, free 2097151 Kb (100%).
17/01/2025 21:48:39 INFO    Ini        Activating LOG system                ... : Ok.
17/01/2025 21:48:39 INFO    Ini        Activating App status                ... : Ok.
17/01/2025 21:48:39 INFO    Ini        Activating Internet status           ... : Ok.
17/01/2025 21:48:46 WARNING Status     Key pressed: 0x54 [T]
17/01/2025 21:53:50 INFO    Ini        -------------------------------------------------------------------------------------------------------------
17/01/2025 21:53:50 INFO    Ini        S.O. version: Microsoft Windows 11 Pro Build(26100)  64 bits
17/01/2025 21:53:50 INFO    Ini        Total memory 2097151 Kb, free 2097151 Kb (100%).
17/01/2025 21:53:50 INFO    Ini        Activating LOG system                ... : Ok.
17/01/2025 21:53:50 INFO    Ini        Activating App status                ... : Ok.
17/01/2025 21:53:50 INFO    Ini        Activating Internet status           ... : Ok.
17/01/2025 21:53:56 WARNING Status     Key pressed: 0x62 [b]
17/01/2025 21:53:56 WARNING Status     Key pressed: 0x72 [r]
17/01/2025 21:53:56 WARNING Status     Key pressed: 0x69 [i]
17/01/2025 21:53:56 WARNING Status     Key pressed: 0x65 [e]
17/01/2025 21:53:56 WARNING Status     Key pressed: 0x66 [f]
17/01/2025 21:53:56 WARNING Status     Key pressed: 0x5F [_]
17/01/2025 21:53:56 WARNING Status     Key pressed: 0x74 [t]
17/01/2025 21:53:57 WARNING Status     Key pressed: 0x61 [a]
17/01/2025 21:53:57 WARNING Status     Key pressed: 0x72 [r]
17/01/2025 21:53:57 WARNING Status     Key pressed: 0x67 [g]
17/01/2025 21:53:57 WARNING Status     Key pressed: 0x65 [e]
17/01/2025 21:53:57 WARNING Status     Key pressed: 0x74 [t]
17/01/2025 21:53:57 WARNING Status     Key pressed: 0x2E [.]
17/01/2025 21:53:57 WARNING Status     Key pressed: 0x43 [C]
17/01/2025 21:53:59 WARNING Status     Key pressed: 0x68 [h]
17/01/2025 21:53:59 WARNING Status     Key pressed: 0x61 [a]
17/01/2025 21:53:59 WARNING Status     Key pressed: 0x72 [r]
17/01/2025 21:53:59 WARNING Status     Key pressed: 0x61 [a]
17/01/2025 21:53:59 WARNING Status     Key pressed: 0x63 [c]
17/01/2025 21:53:59 WARNING Status     Key pressed: 0x74 [t]
17/01/2025 21:53:59 WARNING Status     Key pressed: 0x65 [e]
17/01/2025 21:54:00 WARNING Status     Key pressed: 0x72 [r]
17/01/2025 21:54:00 WARNING Status     Key pressed: 0x5F [_]
17/01/2025 21:54:00 WARNING Status     Key pressed: 0x49 [I]
17/01/2025 21:54:00 WARNING Status     Key pressed: 0x73 [s]
17/01/2025 21:54:00 WARNING Status     Key pressed: 0x55 [U]
17/01/2025 21:54:00 WARNING Status     Key pressed: 0x70 [p]
17/01/2025 21:54:00 WARNING Status     Key pressed: 0x70 [p]
17/01/2025 21:54:04 INFO    Ini        -------------------------------------------------------------------------------------------------------------
17/01/2025 21:54:04 INFO    Ini        S.O. version: Microsoft Windows 11 Pro Build(26100)  64 bits
17/01/2025 21:54:04 INFO    Ini        Total memory 2097151 Kb, free 2097151 Kb (100%).
17/01/2025 21:54:04 INFO    Ini        Activating LOG system                ... : Ok.
17/01/2025 21:54:05 INFO    Ini        Activating App status                ... : Ok.
17/01/2025 21:54:05 INFO    Ini        Activating Internet status           ... : Ok.
17/01/2025 21:54:10 WARNING Status     Key pressed: 0x54 [T]
17/01/2025 21:58:22 INFO    Ini        -------------------------------------------------------------------------------------------------------------
17/01/2025 21:58:22 INFO    Ini        S.O. version: Microsoft Windows 11 Pro Build(26100)  64 bits
17/01/2025 21:58:22 INFO    Ini        Total memory 2097151 Kb, free 2097151 Kb (100%).
17/01/2025 21:58:22 INFO    Ini        Activating LOG system                ... : Ok.
17/01/2025 21:58:22 INFO    Ini        Activating App status                ... : Ok.
17/01/2025 21:58:22 INFO    Ini        Activating Internet status           ... : Ok.
17/01/2025 21:58:26 WARNING Status     Key pressed: 0x54 [T]
17/01/2025 22:15:33 INFO    Ini        -------------------------------------------------------------------------------------------------------------
17/01/2025 22:15:33 INFO    Ini        S.O. version: Microsoft Windows 11 Pro Build(26100)  64 bits
17/01/2025 22:15:33 INFO    Ini        Total memory 2097151 Kb, free 2097151 Kb (100%).
17/01/2025 22:15:33 INFO    Ini        Activating LOG system                ... : Ok.
17/01/2025 22:15:34 INFO    Ini        Activating App status                ... : Ok.
17/01/2025 22:15:34 INFO    Ini        Activating Internet status           ... : Ok.
17/01/2025 22:15:47 WARNING Status     Key pressed: 0x54 [T]
17/01/2025 22:18:46 INFO    Ini        -------------------------------------------------------------------------------------------------------------
17/01/2025 22:18:46 INFO    Ini        S.O. version: Microsoft Windows 11 Pro Build(26100)  64 bits
17/01/2025 22:18:46 INFO    Ini        Total memory 2097151 Kb, free 2097151 Kb (100%).
17/01/2025 22:18:46 INFO    Ini        Activating LOG system                ... : Ok.
17/01/2025 22:18:46 INFO    Ini        Activating App status                ... : Ok.
17/01/2025 22:18:46 INFO    Ini        Activating Internet status           ... : Ok.
17/01/2025 22:18:54 INFO    Ini        -------------------------------------------------------------------------------------------------------------
17/01/2025 22:18:54 INFO    Ini        S.O. version: Microsoft Windows 11 Pro Build(26100)  64 bits
17/01/2025 22:18:54 INFO    Ini        Total memory 2097151 Kb, free 2097151 Kb (100%).
17/01/2025 22:18:54 INFO    Ini        Activating LOG system                ... : Ok.
17/01/2025 22:18:54 INFO    Ini        Activating App status                ... : Ok.
17/01/2025 22:18:55 INFO    Ini        Activating Internet status           ... : Ok.
17/01/2025 22:19:07 WARNING Status     Key pressed: 0x54 [T]
17/01/2025 22:20:33 INFO    Ini        -------------------------------------------------------------------------------------------------------------
17/01/2025 22:20:33 INFO    Ini        S.O. version: Microsoft Windows 11 Pro Build(26100)  64 bits
17/01/2025 22:20:33 INFO    Ini        Total memory 2097151 Kb, free 2097151 Kb (100%).
17/01/2025 22:20:33 INFO    Ini        Activating LOG system                ... : Ok.
17/01/2025 22:20:33 INFO    Ini        Activating App status                ... : Ok.
17/01/2025 22:20:33 INFO    Ini        Activating Internet status           ... : Ok.
17/01/2025 22:20:39 WARNING Status     Key pressed: 0x54 [T]
17/01/2025 22:21:53 INFO    Ini        -------------------------------------------------------------------------------------------------------------
17/01/2025 22:21:53 INFO    Ini        S.O. version: Microsoft Windows 11 Pro Build(26100)  64 bits
17/01/2025 22:21:53 INFO    Ini        Total memory 2097151 Kb, free 2097151 Kb (100%).
17/01/2025 22:21:53 INFO    Ini        Activating LOG system                ... : Ok.
17/01/2025 22:21:53 INFO    Ini        Activating App status                ... : Ok.
17/01/2025 22:21:53 INFO    Ini        Activating Internet status           ... : Ok.
17/01/2025 22:21:59 WARNING Status     Key pressed: 0x54 [T]
17/01/2025 22:23:46 INFO    Ini        -------------------------------------------------------------------------------------------------------------
17/01/2025 22:23:46 INFO    Ini        S.O. version: Microsoft Windows 11 Pro Build(26100)  64 bits
17/01/2025 22:23:46 INFO    Ini        Total memory 2097151 Kb, free 2097151 Kb (100%).
17/01/2025 22:23:46 INFO    Ini        Activating LOG system                ... : Ok.
17/01/2025 22:23:46 INFO    Ini        Activating App status                ... : Ok.
17/01/2025 22:23:46 INFO    Ini        Activating Internet status           ... : Ok.
17/01/2025 22:24:02 WARNING Status     Key pressed: 0x54 [T]
17/01/2025 22:25:28 INFO    Ini        -------------------------------------------------------------------------------------------------------------
17/01/2025 22:25:28 INFO    Ini        S.O. version: Microsoft Windows 11 Pro Build(26100)  64 bits
17/01/2025 22:25:28 INFO    Ini        Total memory 2097151 Kb, free 2097151 Kb (100%).
17/01/2025 22:25:28 INFO    Ini        Activating LOG system                ... : Ok.
17/01/2025 22:25:29 INFO    Ini        Activating App status                ... : Ok.
17/01/2025 22:25:29 INFO    Ini        Activating Internet status           ... : Ok.
17/01/2025 22:25:37 WARNING Status     Key pressed: 0x54 [T]
17/01/2025 22:29:18 INFO    Ini        -------------------------------------------------------------------------------------------------------------
17/01/2025 22:29:18 INFO    Ini        S.O. version: Microsoft Windows 11 Pro Build(26100)  64 bits
17/01/2025 22:29:18 INFO    Ini        Total memory 2097151 Kb, free 2097151 Kb (100%).
17/01/2025 22:29:18 INFO    Ini        Activating LOG system                ... : Ok.
17/01/2025 22:29:18 INFO    Ini        Activating App status                ... : Ok.
17/01/2025 22:29:18 INFO    Ini        Activating Internet status           ... : Ok.
17/01/2025 22:29:24 WARNING Status     Key pressed: 0x54 [T]
17/01/2025 22:31:34 INFO    Ini        -------------------------------------------------------------------------------------------------------------
17/01/2025 22:31:34 INFO    Ini        S.O. version: Microsoft Windows 11 Pro Build(26100)  64 bits
17/01/2025 22:31:34 INFO    Ini        Total memory 2097151 Kb, free 2097151 Kb (100%).
17/01/2025 22:31:34 INFO    Ini        Activating LOG system                ... : Ok.
17/01/2025 22:31:34 INFO    Ini        Activating App status                ... : Ok.
17/01/2025 22:31:34 INFO    Ini        Activating Internet status           ... : Ok.
17/01/2025 22:31:40 WARNING Status     Key pressed: 0x54 [T]
18/01/2025 11:17:37 INFO    Ini        -------------------------------------------------------------------------------------------------------------
18/01/2025 11:17:37 INFO    Ini        S.O. version: Microsoft Windows 11 Pro Build(26100)  64 bits
18/01/2025 11:17:37 INFO    Ini        Total memory 2097151 Kb, free 2097151 Kb (100%).
18/01/2025 11:17:37 INFO    Ini        Activating LOG system                ... : Ok.
18/01/2025 11:17:37 INFO    Ini        Activating App status                ... : Ok.
18/01/2025 11:17:37 INFO    Ini        Activating Internet status           ... : Ok.
18/01/2025 11:17:49 WARNING Status     Key pressed: 0x54 [T]
18/01/2025 11:29:00 INFO    Ini        -------------------------------------------------------------------------------------------------------------
18/01/2025 11:29:00 INFO    Ini        S.O. version: Microsoft Windows 11 Pro Build(26100)  64 bits
18/01/2025 11:29:00 INFO    Ini        Total memory 2097151 Kb, free 2097151 Kb (100%).
18/01/2025 11:29:00 INFO    Ini        Activating LOG system                ... : Ok.
18/01/2025 11:29:00 INFO    Ini        Activating App status                ... : Ok.
18/01/2025 11:29:00 INFO    Ini        Activating Internet status           ... : Ok.
18/01/2025 11:29:52 WARNING Status     Key pressed: 0x54 [T]
18/01/2025 11:31:50 INFO    Ini        -------------------------------------------------------------------------------------------------------------
18/01/2025 11:31:50 INFO    Ini        S.O. version: Microsoft Windows 11 Pro Build(26100)  64 bits
18/01/2025 11:31:50 INFO    Ini        Total memory 2097151 Kb, free 2097151 Kb (100%).
18/01/2025 11:31:50 INFO    Ini        Activating LOG system                ... : Ok.
18/01/2025 11:31:51 INFO    Ini        Activating App status                ... : Ok.
18/01/2025 11:31:51 INFO    Ini        Activating Internet status           ... : Ok.
18/01/2025 11:32:01 WARNING Status     Key pressed: 0x54 [T]
18/01/2025 11:34:16 INFO    Ini        -------------------------------------------------------------------------------------------------------------
18/01/2025 11:34:16 INFO    Ini        S.O. version: Microsoft Windows 11 Pro Build(26100)  64 bits
18/01/2025 11:34:16 INFO    Ini        Total memory 2097151 Kb, free 2097151 Kb (100%).
18/01/2025 11:34:16 INFO    Ini        Activating LOG system                ... : Ok.
18/01/2025 11:34:16 INFO    Ini        Activating App status                ... : Ok.
18/01/2025 11:34:16 INFO    Ini        Activating Internet status           ... : Ok.
18/01/2025 11:34:28 WARNING Status     Key pressed: 0x54 [T]
18/01/2025 11:36:59 INFO    Ini        -------------------------------------------------------------------------------------------------------------
18/01/2025 11:36:59 INFO    Ini        S.O. version: Microsoft Windows 11 Pro Build(26100)  64 bits
18/01/2025 11:36:59 INFO    Ini        Total memory 2097151 Kb, free 2097151 Kb (100%).
18/01/2025 11:36:59 INFO    Ini        Activating LOG system                ... : Ok.
18/01/2025 11:36:59 INFO    Ini        Activating App status                ... : Ok.
18/01/2025 11:36:59 INFO    Ini        Activating Internet status           ... : Ok.
18/01/2025 11:37:05 WARNING Status     Key pressed: 0x54 [T]
18/01/2025 11:38:04 INFO    Ini        -------------------------------------------------------------------------------------------------------------
18/01/2025 11:38:04 INFO    Ini        S.O. version: Microsoft Windows 11 Pro Build(26100)  64 bits
18/01/2025 11:38:04 INFO    Ini        Total memory 2097151 Kb, free 2097151 Kb (100%).
18/01/2025 11:38:04 INFO    Ini        Activating LOG system                ... : Ok.
18/01/2025 11:38:04 INFO    Ini        Activating App status                ... : Ok.
18/01/2025 11:38:04 INFO    Ini        Activating Internet status           ... : Ok.
18/01/2025 11:38:16 WARNING Status     Key pressed: 0x54 [T]
18/01/2025 11:45:20 INFO    Ini        -------------------------------------------------------------------------------------------------------------
18/01/2025 11:45:20 INFO    Ini        S.O. version: Microsoft Windows 11 Pro Build(26100)  64 bits
18/01/2025 11:45:20 INFO    Ini        Total memory 2097151 Kb, free 2097151 Kb (100%).
18/01/2025 11:45:20 INFO    Ini        Activating LOG system                ... : Ok.
18/01/2025 11:45:20 INFO    Ini        Activating App status                ... : Ok.
18/01/2025 11:45:21 INFO    Ini        Activating Internet status           ... : Ok.
18/01/2025 11:45:26 WARNING Status     Key pressed: 0x54 [T]
18/01/2025 11:46:45 INFO    Ini        -------------------------------------------------------------------------------------------------------------
18/01/2025 11:46:45 INFO    Ini        S.O. version: Microsoft Windows 11 Pro Build(26100)  64 bits
18/01/2025 11:46:45 INFO    Ini        Total memory 2097151 Kb, free 2097151 Kb (100%).
18/01/2025 11:46:45 INFO    Ini        Activating LOG system                ... : Ok.
18/01/2025 11:46:45 INFO    Ini        Activating App status                ... : Ok.
18/01/2025 11:46:45 INFO    Ini        Activating Internet status           ... : Ok.
18/01/2025 11:46:51 WARNING Status     Key pressed: 0x54 [T]
18/01/2025 11:48:46 INFO    Ini        -------------------------------------------------------------------------------------------------------------
18/01/2025 11:48:46 INFO    Ini        S.O. version: Microsoft Windows 11 Pro Build(26100)  64 bits
18/01/2025 11:48:46 INFO    Ini        Total memory 2097151 Kb, free 2097151 Kb (100%).
18/01/2025 11:48:46 INFO    Ini        Activating LOG system                ... : Ok.
18/01/2025 11:48:46 INFO    Ini        Activating App status                ... : Ok.
18/01/2025 11:48:46 INFO    Ini        Activating Internet status           ... : Ok.
18/01/2025 11:48:52 WARNING Status     Key pressed: 0x54 [T]
18/01/2025 11:56:57 INFO    Ini        -------------------------------------------------------------------------------------------------------------
18/01/2025 11:56:57 INFO    Ini        S.O. version: Microsoft Windows 11 Pro Build(26100)  64 bits
18/01/2025 11:56:57 INFO    Ini        Total memory 2097151 Kb, free 2097151 Kb (100%).
18/01/2025 11:56:57 INFO    Ini        Activating LOG system                ... : Ok.
18/01/2025 11:56:58 INFO    Ini        Activating App status                ... : Ok.
18/01/2025 11:56:58 INFO    Ini        Activating Internet status           ... : Ok.
18/01/2025 11:57:05 WARNING Status     Key pressed: 0x54 [T]
18/01/2025 12:01:38 INFO    Ini        -------------------------------------------------------------------------------------------------------------
18/01/2025 12:01:38 INFO    Ini        S.O. version: Microsoft Windows 11 Pro Build(26100)  64 bits
18/01/2025 12:01:38 INFO    Ini        Total memory 2097151 Kb, free 2097151 Kb (100%).
18/01/2025 12:01:38 INFO    Ini        Activating LOG system                ... : Ok.
18/01/2025 12:01:38 INFO    Ini        Activating App status                ... : Ok.
18/01/2025 12:01:38 INFO    Ini        Activating Internet status           ... : Ok.
18/01/2025 12:01:50 WARNING Status     Key pressed: 0x54 [T]
18/01/2025 12:04:53 INFO    Ini        -------------------------------------------------------------------------------------------------------------
18/01/2025 12:04:53 INFO    Ini        S.O. version: Microsoft Windows 11 Pro Build(26100)  64 bits
18/01/2025 12:04:53 INFO    Ini        Total memory 2097151 Kb, free 2097151 Kb (100%).
18/01/2025 12:04:53 INFO    Ini        Activating LOG system                ... : Ok.
18/01/2025 12:04:53 INFO    Ini        Activating App status                ... : Ok.
18/01/2025 12:04:53 INFO    Ini        Activating Internet status           ... : Ok.
18/01/2025 12:06:41 WARNING Status     Key pressed: 0x54 [T]
18/01/2025 12:08:11 INFO    Ini        -------------------------------------------------------------------------------------------------------------
18/01/2025 12:08:11 INFO    Ini        S.O. version: Microsoft Windows 11 Pro Build(26100)  64 bits
18/01/2025 12:08:11 INFO    Ini        Total memory 2097151 Kb, free 2097151 Kb (100%).
18/01/2025 12:08:11 INFO    Ini        Activating LOG system                ... : Ok.
18/01/2025 12:08:11 INFO    Ini        Activating App status                ... : Ok.
18/01/2025 12:08:11 INFO    Ini        Activating Internet status           ... : Ok.
18/01/2025 12:08:16 WARNING Status     Key pressed: 0x54 [T]
18/01/2025 12:12:28 INFO    Ini        -------------------------------------------------------------------------------------------------------------
18/01/2025 12:12:28 INFO    Ini        S.O. version: Microsoft Windows 11 Pro Build(26100)  64 bits
18/01/2025 12:12:28 INFO    Ini        Total memory 2097151 Kb, free 2097151 Kb (100%).
18/01/2025 12:12:28 INFO    Ini        Activating LOG system                ... : Ok.
18/01/2025 12:12:28 INFO    Ini        Activating App status                ... : Ok.
18/01/2025 12:12:28 INFO    Ini        Activating Internet status           ... : Ok.
18/01/2025 12:12:33 WARNING Status     Key pressed: 0x54 [T]
18/01/2025 12:13:39 INFO    Ini        -------------------------------------------------------------------------------------------------------------
18/01/2025 12:13:39 INFO    Ini        S.O. version: Microsoft Windows 11 Pro Build(26100)  64 bits
18/01/2025 12:13:39 INFO    Ini        Total memory 2097151 Kb, free 2097151 Kb (100%).
18/01/2025 12:13:39 INFO    Ini        Activating LOG system                ... : Ok.
18/01/2025 12:13:40 INFO    Ini        Activating App status                ... : Ok.
18/01/2025 12:13:40 INFO    Ini        Activating Internet status           ... : Ok.
18/01/2025 12:13:50 WARNING Status     Key pressed: 0x54 [T]
18/01/2025 12:14:43 INFO    Ini        -------------------------------------------------------------------------------------------------------------
18/01/2025 12:14:43 INFO    Ini        S.O. version: Microsoft Windows 11 Pro Build(26100)  64 bits
18/01/2025 12:14:43 INFO    Ini        Total memory 2097151 Kb, free 2097151 Kb (100%).
18/01/2025 12:14:43 INFO    Ini        Activating LOG system                ... : Ok.
18/01/2025 12:14:45 INFO    Ini        Activating App status                ... : Ok.
18/01/2025 12:14:45 INFO    Ini        Activating Internet status           ... : Ok.
18/01/2025 12:14:52 WARNING Status     Key pressed: 0x54 [T]
18/01/2025 12:24:37 INFO    Ini        -------------------------------------------------------------------------------------------------------------
18/01/2025 12:24:37 INFO    Ini        S.O. version: Microsoft Windows 11 Pro Build(26100)  64 bits
18/01/2025 12:24:37 INFO    Ini        Total memory 2097151 Kb, free 2097151 Kb (100%).
18/01/2025 12:24:37 INFO    Ini        Activating LOG system                ... : Ok.
18/01/2025 12:24:37 INFO    Ini        Activating App status                ... : Ok.
18/01/2025 12:24:37 INFO    Ini        Activating Internet status           ... : Ok.
18/01/2025 12:27:25 WARNING Status     Key pressed: 0x54 [T]
18/01/2025 12:32:40 INFO    Ini        -------------------------------------------------------------------------------------------------------------
18/01/2025 12:32:40 INFO    Ini        S.O. version: Microsoft Windows 11 Pro Build(26100)  64 bits
18/01/2025 12:32:40 INFO    Ini        Total memory 2097151 Kb, free 2097151 Kb (100%).
18/01/2025 12:32:40 INFO    Ini        Activating LOG system                ... : Ok.
18/01/2025 12:32:40 INFO    Ini        Activating App status                ... : Ok.
18/01/2025 12:32:41 INFO    Ini        Activating Internet status           ... : Ok.
18/01/2025 12:55:36 INFO    Ini        -------------------------------------------------------------------------------------------------------------
18/01/2025 12:55:36 INFO    Ini        S.O. version: Microsoft Windows 11 Pro Build(26100)  64 bits
18/01/2025 12:55:36 INFO    Ini        Total memory 2097151 Kb, free 2097151 Kb (100%).
18/01/2025 12:55:36 INFO    Ini        Activating LOG system                ... : Ok.
18/01/2025 12:55:36 INFO    Ini        Activating App status                ... : Ok.
18/01/2025 12:55:37 INFO    Ini        Activating Internet status           ... : Ok.
18/01/2025 12:55:50 WARNING Status     Key pressed: 0x52 [R]
18/01/2025 12:58:33 INFO    Ini        -------------------------------------------------------------------------------------------------------------
18/01/2025 12:58:33 INFO    Ini        S.O. version: Microsoft Windows 11 Pro Build(26100)  64 bits
18/01/2025 12:58:33 INFO    Ini        Total memory 2097151 Kb, free 2097151 Kb (100%).
18/01/2025 12:58:33 INFO    Ini        Activating LOG system                ... : Ok.
18/01/2025 12:58:34 INFO    Ini        Activating App status                ... : Ok.
18/01/2025 12:58:34 INFO    Ini        Activating Internet status           ... : Ok.
18/01/2025 12:58:41 WARNING Status     Key pressed: 0x52 [R]
18/01/2025 12:59:31 INFO    Ini        -------------------------------------------------------------------------------------------------------------
18/01/2025 12:59:31 INFO    Ini        S.O. version: Microsoft Windows 11 Pro Build(26100)  64 bits
18/01/2025 12:59:31 INFO    Ini        Total memory 2097151 Kb, free 2097151 Kb (100%).
18/01/2025 12:59:31 INFO    Ini        Activating LOG system                ... : Ok.
18/01/2025 12:59:31 INFO    Ini        Activating App status                ... : Ok.
18/01/2025 12:59:31 INFO    Ini        Activating Internet status           ... : Ok.
18/01/2025 12:59:57 WARNING Status     Key pressed: 0x54 [T]
18/01/2025 13:03:27 INFO    Ini        -------------------------------------------------------------------------------------------------------------
18/01/2025 13:03:27 INFO    Ini        S.O. version: Microsoft Windows 11 Pro Build(26100)  64 bits
18/01/2025 13:03:27 INFO    Ini        Total memory 2097151 Kb, free 2097151 Kb (100%).
18/01/2025 13:03:27 INFO    Ini        Activating LOG system                ... : Ok.
18/01/2025 13:03:28 INFO    Ini        Activating App status                ... : Ok.
18/01/2025 13:03:28 INFO    Ini        Activating Internet status           ... : Ok.
18/01/2025 13:03:33 WARNING Status     Key pressed: 0x52 [R]
18/01/2025 13:03:49 WARNING Status     Key pressed: 0x52 [R]
18/01/2025 13:08:50 INFO    Ini        -------------------------------------------------------------------------------------------------------------
18/01/2025 13:08:50 INFO    Ini        S.O. version: Microsoft Windows 11 Pro Build(26100)  64 bits
18/01/2025 13:08:50 INFO    Ini        Total memory 2097151 Kb, free 2097151 Kb (100%).
18/01/2025 13:08:50 INFO    Ini        Activating LOG system                ... : Ok.
18/01/2025 13:08:50 INFO    Ini        Activating App status                ... : Ok.
18/01/2025 13:08:50 INFO    Ini        Activating Internet status           ... : Ok.
18/01/2025 13:09:08 WARNING Status     Key pressed: 0x54 [T]
18/01/2025 13:09:15 INFO    Ini        -------------------------------------------------------------------------------------------------------------
18/01/2025 13:09:15 INFO    Ini        S.O. version: Microsoft Windows 11 Pro Build(26100)  64 bits
18/01/2025 13:09:15 INFO    Ini        Total memory 2097151 Kb, free 2097151 Kb (100%).
18/01/2025 13:09:15 INFO    Ini        Activating LOG system                ... : Ok.
18/01/2025 13:09:15 INFO    Ini        Activating App status                ... : Ok.
18/01/2025 13:09:15 INFO    Ini        Activating Internet status           ... : Ok.
18/01/2025 13:09:19 WARNING Status     Key pressed: 0x52 [R]
18/01/2025 13:11:22 INFO    Ini        -------------------------------------------------------------------------------------------------------------
18/01/2025 13:11:22 INFO    Ini        S.O. version: Microsoft Windows 11 Pro Build(26100)  64 bits
18/01/2025 13:11:22 INFO    Ini        Total memory 2097151 Kb, free 2097151 Kb (100%).
18/01/2025 13:11:22 INFO    Ini        Activating LOG system                ... : Ok.
18/01/2025 13:11:22 INFO    Ini        Activating App status                ... : Ok.
18/01/2025 13:11:23 INFO    Ini        Activating Internet status           ... : Ok.
18/01/2025 13:11:32 WARNING Status     Key pressed: 0x52 [R]
18/01/2025 13:12:38 INFO    Ini        -------------------------------------------------------------------------------------------------------------
18/01/2025 13:12:38 INFO    Ini        S.O. version: Microsoft Windows 11 Pro Build(26100)  64 bits
18/01/2025 13:12:38 INFO    Ini        Total memory 2097151 Kb, free 2097151 Kb (100%).
18/01/2025 13:12:38 INFO    Ini        Activating LOG system                ... : Ok.
18/01/2025 13:12:38 INFO    Ini        Activating App status                ... : Ok.
18/01/2025 13:12:38 INFO    Ini        Activating Internet status           ... : Ok.
18/01/2025 13:13:19 WARNING Status     Key pressed: 0x54 [T]
18/01/2025 13:13:26 INFO    Ini        -------------------------------------------------------------------------------------------------------------
18/01/2025 13:13:26 INFO    Ini        S.O. version: Microsoft Windows 11 Pro Build(26100)  64 bits
18/01/2025 13:13:26 INFO    Ini        Total memory 2097151 Kb, free 2097151 Kb (100%).
18/01/2025 13:13:26 INFO    Ini        Activating LOG system                ... : Ok.
18/01/2025 13:13:26 INFO    Ini        Activating App status                ... : Ok.
18/01/2025 13:13:26 INFO    Ini        Activating Internet status           ... : Ok.
18/01/2025 13:13:38 WARNING Status     Key pressed: 0x52 [R]
18/01/2025 13:15:08 INFO    Ini        -------------------------------------------------------------------------------------------------------------
18/01/2025 13:15:08 INFO    Ini        S.O. version: Microsoft Windows 11 Pro Build(26100)  64 bits
18/01/2025 13:15:08 INFO    Ini        Total memory 2097151 Kb, free 2097151 Kb (100%).
18/01/2025 13:15:08 INFO    Ini        Activating LOG system                ... : Ok.
18/01/2025 13:15:08 INFO    Ini        Activating App status                ... : Ok.
18/01/2025 13:15:09 INFO    Ini        Activating Internet status           ... : Ok.
18/01/2025 13:15:16 WARNING Status     Key pressed: 0x52 [R]
18/01/2025 13:15:33 WARNING Status     Key pressed: 0x54 [T]
18/01/2025 13:16:33 WARNING Status     Key pressed: 0x54 [T]
18/01/2025 13:18:53 INFO    Ini        -------------------------------------------------------------------------------------------------------------
18/01/2025 13:18:53 INFO    Ini        S.O. version: Microsoft Windows 11 Pro Build(26100)  64 bits
18/01/2025 13:18:53 INFO    Ini        Total memory 2097151 Kb, free 2097151 Kb (100%).
18/01/2025 13:18:53 INFO    Ini        Activating LOG system                ... : Ok.
18/01/2025 13:18:53 INFO    Ini        Activating App status                ... : Ok.
18/01/2025 13:18:54 INFO    Ini        Activating Internet status           ... : Ok.
18/01/2025 13:18:59 WARNING Status     Key pressed: 0x54 [T]
18/01/2025 13:19:12 INFO    Ini        -------------------------------------------------------------------------------------------------------------
18/01/2025 13:19:12 INFO    Ini        S.O. version: Microsoft Windows 11 Pro Build(26100)  64 bits
18/01/2025 13:19:12 INFO    Ini        Total memory 2097151 Kb, free 2097151 Kb (100%).
18/01/2025 13:19:12 INFO    Ini        Activating LOG system                ... : Ok.
18/01/2025 13:19:12 INFO    Ini        Activating App status                ... : Ok.
18/01/2025 13:19:12 INFO    Ini        Activating Internet status           ... : Ok.
18/01/2025 13:19:22 WARNING Status     Key pressed: 0x52 [R]
18/01/2025 13:22:49 INFO    Ini        -------------------------------------------------------------------------------------------------------------
18/01/2025 13:22:49 INFO    Ini        S.O. version: Microsoft Windows 11 Pro Build(26100)  64 bits
18/01/2025 13:22:49 INFO    Ini        Total memory 2097151 Kb, free 2097151 Kb (100%).
18/01/2025 13:22:49 INFO    Ini        Activating LOG system                ... : Ok.
18/01/2025 13:22:50 INFO    Ini        Activating App status                ... : Ok.
18/01/2025 13:22:50 INFO    Ini        Activating Internet status           ... : Ok.
18/01/2025 13:23:04 WARNING Status     Key pressed: 0x52 [R]
18/01/2025 13:26:12 INFO    Ini        -------------------------------------------------------------------------------------------------------------
18/01/2025 13:26:12 INFO    Ini        S.O. version: Microsoft Windows 11 Pro Build(26100)  64 bits
18/01/2025 13:26:12 INFO    Ini        Total memory 2097151 Kb, free 2097151 Kb (100%).
18/01/2025 13:26:12 INFO    Ini        Activating LOG system                ... : Ok.
18/01/2025 13:26:12 INFO    Ini        Activating App status                ... : Ok.
18/01/2025 13:26:12 INFO    Ini        Activating Internet status           ... : Ok.
18/01/2025 13:26:18 WARNING Status     Key pressed: 0x52 [R]
18/01/2025 13:26:48 WARNING Status     Key pressed: 0x54 [T]
18/01/2025 13:30:31 INFO    Ini        -------------------------------------------------------------------------------------------------------------
18/01/2025 13:30:31 INFO    Ini        S.O. version: Microsoft Windows 11 Pro Build(26100)  64 bits
18/01/2025 13:30:31 INFO    Ini        Total memory 2097151 Kb, free 2097151 Kb (100%).
18/01/2025 13:30:31 INFO    Ini        Activating LOG system                ... : Ok.
18/01/2025 13:30:31 INFO    Ini        Activating App status                ... : Ok.
18/01/2025 13:30:31 INFO    Ini        Activating Internet status           ... : Ok.
18/01/2025 13:30:46 WARNING Status     Key pressed: 0x54 [T]
18/01/2025 13:34:04 INFO    Ini        -------------------------------------------------------------------------------------------------------------
18/01/2025 13:34:04 INFO    Ini        S.O. version: Microsoft Windows 11 Pro Build(26100)  64 bits
18/01/2025 13:34:04 INFO    Ini        Total memory 2097151 Kb, free 2097151 Kb (100%).
18/01/2025 13:34:04 INFO    Ini        Activating LOG system                ... : Ok.
18/01/2025 13:34:04 INFO    Ini        Activating App status                ... : Ok.
18/01/2025 13:34:04 INFO    Ini        Activating Internet status           ... : Ok.
18/01/2025 13:34:11 WARNING Status     Key pressed: 0x54 [T]
18/01/2025 13:42:43 INFO    Ini        -------------------------------------------------------------------------------------------------------------
18/01/2025 13:42:43 INFO    Ini        S.O. version: Microsoft Windows 11 Pro Build(26100)  64 bits
18/01/2025 13:42:43 INFO    Ini        Total memory 2097151 Kb, free 2097151 Kb (100%).
18/01/2025 13:42:43 INFO    Ini        Activating LOG system                ... : Ok.
18/01/2025 13:42:44 INFO    Ini        Activating App status                ... : Ok.
18/01/2025 13:42:44 INFO    Ini        Activating Internet status           ... : Ok.
18/01/2025 13:42:57 WARNING Status     Key pressed: 0x54 [T]
18/01/2025 13:51:58 INFO    Ini        -------------------------------------------------------------------------------------------------------------
18/01/2025 13:51:58 INFO    Ini        S.O. version: Microsoft Windows 11 Pro Build(26100)  64 bits
18/01/2025 13:51:58 INFO    Ini        Total memory 2097151 Kb, free 2097151 Kb (100%).
18/01/2025 13:51:58 INFO    Ini        Activating LOG system                ... : Ok.
18/01/2025 13:51:58 INFO    Ini        Activating App status                ... : Ok.
18/01/2025 13:51:58 INFO    Ini        Activating Internet status           ... : Ok.
18/01/2025 13:52:11 WARNING Status     Key pressed: 0x52 [R]
18/01/2025 13:52:58 INFO    Ini        -------------------------------------------------------------------------------------------------------------
18/01/2025 13:52:58 INFO    Ini        S.O. version: Microsoft Windows 11 Pro Build(26100)  64 bits
18/01/2025 13:52:58 INFO    Ini        Total memory 2097151 Kb, free 2097151 Kb (100%).
18/01/2025 13:52:58 INFO    Ini        Activating LOG system                ... : Ok.
18/01/2025 13:52:59 INFO    Ini        Activating App status                ... : Ok.
18/01/2025 13:52:59 INFO    Ini        Activating Internet status           ... : Ok.
18/01/2025 19:54:54 INFO    Ini        -------------------------------------------------------------------------------------------------------------
18/01/2025 19:54:54 INFO    Ini        S.O. version: Microsoft Windows 11 Pro Build(26100)  64 bits
18/01/2025 19:54:54 INFO    Ini        Total memory 2097151 Kb, free 2097151 Kb (100%).
18/01/2025 19:54:54 INFO    Ini        Activating LOG system                ... : Ok.
18/01/2025 19:54:54 INFO    Ini        Activating App status                ... : Ok.
18/01/2025 19:54:54 INFO    Ini        Activating Internet status           ... : Ok.
18/01/2025 19:54:57 WARNING Status     Key pressed: 0x52 [R]
18/01/2025 20:00:57 INFO    Ini        -------------------------------------------------------------------------------------------------------------
18/01/2025 20:00:57 INFO    Ini        S.O. version: Microsoft Windows 11 Pro Build(26100)  64 bits
18/01/2025 20:00:57 INFO    Ini        Total memory 2097151 Kb, free 2097151 Kb (100%).
18/01/2025 20:00:57 INFO    Ini        Activating LOG system                ... : Ok.
18/01/2025 20:00:58 INFO    Ini        Activating App status                ... : Ok.
18/01/2025 20:00:58 INFO    Ini        Activating Internet status           ... : Ok.
18/01/2025 20:01:06 WARNING Status     Key pressed: 0x52 [R]
18/01/2025 20:02:14 INFO    Ini        -------------------------------------------------------------------------------------------------------------
18/01/2025 20:02:14 INFO    Ini        S.O. version: Microsoft Windows 11 Pro Build(26100)  64 bits
18/01/2025 20:02:14 INFO    Ini        Total memory 2097151 Kb, free 2097151 Kb (100%).
18/01/2025 20:02:14 INFO    Ini        Activating LOG system                ... : Ok.
18/01/2025 20:02:14 INFO    Ini        Activating App status                ... : Ok.
18/01/2025 20:02:14 INFO    Ini        Activating Internet status           ... : Ok.
18/01/2025 20:02:37 WARNING Status     Key pressed: 0x54 [T]
18/01/2025 20:07:48 INFO    Ini        -------------------------------------------------------------------------------------------------------------
18/01/2025 20:07:48 INFO    Ini        S.O. version: Microsoft Windows 11 Pro Build(26100)  64 bits
18/01/2025 20:07:48 INFO    Ini        Total memory 2097151 Kb, free 2097151 Kb (100%).
18/01/2025 20:07:48 INFO    Ini        Activating LOG system                ... : Ok.
18/01/2025 20:07:48 INFO    Ini        Activating App status                ... : Ok.
18/01/2025 20:07:49 INFO    Ini        Activating Internet status           ... : Ok.
18/01/2025 20:08:03 WARNING Status     Key pressed: 0x52 [R]
18/01/2025 20:11:24 INFO    Ini        -------------------------------------------------------------------------------------------------------------
18/01/2025 20:11:24 INFO    Ini        S.O. version: Microsoft Windows 11 Pro Build(26100)  64 bits
18/01/2025 20:11:24 INFO    Ini        Total memory 2097151 Kb, free 2097151 Kb (100%).
18/01/2025 20:11:24 INFO    Ini        Activating LOG system                ... : Ok.
18/01/2025 20:11:24 INFO    Ini        Activating App status                ... : Ok.
18/01/2025 20:11:24 INFO    Ini        Activating Internet status           ... : Ok.
18/01/2025 20:12:00 WARNING Status     Key pressed: 0x52 [R]
18/01/2025 20:16:08 INFO    Ini        -------------------------------------------------------------------------------------------------------------
18/01/2025 20:16:08 INFO    Ini        S.O. version: Microsoft Windows 11 Pro Build(26100)  64 bits
18/01/2025 20:16:08 INFO    Ini        Total memory 2097151 Kb, free 2097151 Kb (100%).
18/01/2025 20:16:08 INFO    Ini        Activating LOG system                ... : Ok.
18/01/2025 20:16:08 INFO    Ini        Activating App status                ... : Ok.
18/01/2025 20:16:08 INFO    Ini        Activating Internet status           ... : Ok.
18/01/2025 20:16:25 WARNING Status     Key pressed: 0x52 [R]
18/01/2025 20:17:15 INFO    Ini        -------------------------------------------------------------------------------------------------------------
18/01/2025 20:17:15 INFO    Ini        S.O. version: Microsoft Windows 11 Pro Build(26100)  64 bits
18/01/2025 20:17:15 INFO    Ini        Total memory 2097151 Kb, free 2097151 Kb (100%).
18/01/2025 20:17:15 INFO    Ini        Activating LOG system                ... : Ok.
18/01/2025 20:17:15 INFO    Ini        Activating App status                ... : Ok.
18/01/2025 20:17:15 INFO    Ini        Activating Internet status           ... : Ok.
18/01/2025 20:17:24 WARNING Status     Key pressed: 0x52 [R]
18/01/2025 20:18:01 INFO    Ini        -------------------------------------------------------------------------------------------------------------
18/01/2025 20:18:01 INFO    Ini        S.O. version: Microsoft Windows 11 Pro Build(26100)  64 bits
18/01/2025 20:18:01 INFO    Ini        Total memory 2097151 Kb, free 2097151 Kb (100%).
18/01/2025 20:18:01 INFO    Ini        Activating LOG system                ... : Ok.
18/01/2025 20:18:01 INFO    Ini        Activating App status                ... : Ok.
18/01/2025 20:18:01 INFO    Ini        Activating Internet status           ... : Ok.
18/01/2025 20:18:15 WARNING Status     Key pressed: 0x52 [R]
18/01/2025 20:18:28 WARNING Status     Key pressed: 0x54 [T]
18/01/2025 20:19:58 WARNING Status     Key pressed: 0x54 [T]
18/01/2025 20:26:03 INFO    Ini        -------------------------------------------------------------------------------------------------------------
18/01/2025 20:26:03 INFO    Ini        S.O. version: Microsoft Windows 11 Pro Build(26100)  64 bits
18/01/2025 20:26:03 INFO    Ini        Total memory 2097151 Kb, free 2097151 Kb (100%).
18/01/2025 20:26:03 INFO    Ini        Activating LOG system                ... : Ok.
18/01/2025 20:26:04 INFO    Ini        Activating App status                ... : Ok.
18/01/2025 20:26:04 INFO    Ini        Activating Internet status           ... : Ok.
18/01/2025 20:26:14 WARNING Status     Key pressed: 0x54 [T]
18/01/2025 21:06:18 INFO    Ini        -------------------------------------------------------------------------------------------------------------
18/01/2025 21:06:18 INFO    Ini        S.O. version: Microsoft Windows 11 Pro Build(26100)  64 bits
18/01/2025 21:06:18 INFO    Ini        Total memory 2097151 Kb, free 2097151 Kb (100%).
18/01/2025 21:06:18 INFO    Ini        Activating LOG system                ... : Ok.
18/01/2025 21:06:18 INFO    Ini        Activating App status                ... : Ok.
18/01/2025 21:06:18 INFO    Ini        Activating Internet status           ... : Ok.
18/01/2025 21:06:30 WARNING Status     Key pressed: 0x54 [T]
18/01/2025 21:07:30 INFO    Ini        -------------------------------------------------------------------------------------------------------------
18/01/2025 21:07:30 INFO    Ini        S.O. version: Microsoft Windows 11 Pro Build(26100)  64 bits
18/01/2025 21:07:30 INFO    Ini        Total memory 2097151 Kb, free 2097151 Kb (100%).
18/01/2025 21:07:30 INFO    Ini        Activating LOG system                ... : Ok.
18/01/2025 21:07:30 INFO    Ini        Activating App status                ... : Ok.
18/01/2025 21:07:30 INFO    Ini        Activating Internet status           ... : Ok.
18/01/2025 21:07:34 WARNING Status     Key pressed: 0x54 [T]
18/01/2025 21:09:09 INFO    Ini        -------------------------------------------------------------------------------------------------------------
18/01/2025 21:09:09 INFO    Ini        S.O. version: Microsoft Windows 11 Pro Build(26100)  64 bits
18/01/2025 21:09:09 INFO    Ini        Total memory 2097151 Kb, free 2097151 Kb (100%).
18/01/2025 21:09:09 INFO    Ini        Activating LOG system                ... : Ok.
18/01/2025 21:09:10 INFO    Ini        Activating App status                ... : Ok.
18/01/2025 21:09:10 INFO    Ini        Activating Internet status           ... : Ok.
18/01/2025 21:09:18 WARNING Status     Key pressed: 0x54 [T]
18/01/2025 21:09:39 INFO    Ini        -------------------------------------------------------------------------------------------------------------
18/01/2025 21:09:39 INFO    Ini        S.O. version: Microsoft Windows 11 Pro Build(26100)  64 bits
18/01/2025 21:09:39 INFO    Ini        Total memory 2097151 Kb, free 2097151 Kb (100%).
18/01/2025 21:09:39 INFO    Ini        Activating LOG system                ... : Ok.
18/01/2025 21:09:39 INFO    Ini        Activating App status                ... : Ok.
18/01/2025 21:09:39 INFO    Ini        Activating Internet status           ... : Ok.
18/01/2025 21:09:43 WARNING Status     Key pressed: 0x54 [T]
18/01/2025 21:10:51 INFO    Ini        -------------------------------------------------------------------------------------------------------------
18/01/2025 21:10:51 INFO    Ini        S.O. version: Microsoft Windows 11 Pro Build(26100)  64 bits
18/01/2025 21:10:51 INFO    Ini        Total memory 2097151 Kb, free 2097151 Kb (100%).
18/01/2025 21:10:51 INFO    Ini        Activating LOG system                ... : Ok.
18/01/2025 21:10:52 INFO    Ini        Activating App status                ... : Ok.
18/01/2025 21:10:52 INFO    Ini        Activating Internet status           ... : Ok.
18/01/2025 21:10:57 WARNING Status     Key pressed: 0x54 [T]
18/01/2025 21:15:02 INFO    Ini        -------------------------------------------------------------------------------------------------------------
18/01/2025 21:15:02 INFO    Ini        S.O. version: Microsoft Windows 11 Pro Build(26100)  64 bits
18/01/2025 21:15:02 INFO    Ini        Total memory 2097151 Kb, free 2097151 Kb (100%).
18/01/2025 21:15:02 INFO    Ini        Activating LOG system                ... : Ok.
18/01/2025 21:15:03 INFO    Ini        Activating App status                ... : Ok.
18/01/2025 21:15:03 INFO    Ini        Activating Internet status           ... : Ok.
18/01/2025 21:15:11 WARNING Status     Key pressed: 0x54 [T]
18/01/2025 21:16:24 INFO    Ini        -------------------------------------------------------------------------------------------------------------
18/01/2025 21:16:24 INFO    Ini        S.O. version: Microsoft Windows 11 Pro Build(26100)  64 bits
18/01/2025 21:16:24 INFO    Ini        Total memory 2097151 Kb, free 2097151 Kb (100%).
18/01/2025 21:16:24 INFO    Ini        Activating LOG system                ... : Ok.
18/01/2025 21:16:25 INFO    Ini        Activating App status                ... : Ok.
18/01/2025 21:16:25 INFO    Ini        Activating Internet status           ... : Ok.
18/01/2025 21:16:30 WARNING Status     Key pressed: 0x54 [T]
18/01/2025 21:17:41 INFO    Ini        -------------------------------------------------------------------------------------------------------------
18/01/2025 21:17:41 INFO    Ini        S.O. version: Microsoft Windows 11 Pro Build(26100)  64 bits
18/01/2025 21:17:41 INFO    Ini        Total memory 2097151 Kb, free 2097151 Kb (100%).
18/01/2025 21:17:41 INFO    Ini        Activating LOG system                ... : Ok.
18/01/2025 21:17:41 INFO    Ini        Activating App status                ... : Ok.
18/01/2025 21:17:41 INFO    Ini        Activating Internet status           ... : Ok.
18/01/2025 21:17:47 WARNING Status     Key pressed: 0x54 [T]
18/01/2025 21:22:30 INFO    Ini        -------------------------------------------------------------------------------------------------------------
18/01/2025 21:22:30 INFO    Ini        S.O. version: Microsoft Windows 11 Pro Build(26100)  64 bits
18/01/2025 21:22:30 INFO    Ini        Total memory 2097151 Kb, free 2097151 Kb (100%).
18/01/2025 21:22:30 INFO    Ini        Activating LOG system                ... : Ok.
18/01/2025 21:22:31 INFO    Ini        Activating App status                ... : Ok.
18/01/2025 21:22:31 INFO    Ini        Activating Internet status           ... : Ok.
18/01/2025 21:22:39 WARNING Status     Key pressed: 0x54 [T]
18/01/2025 21:28:15 INFO    Ini        -------------------------------------------------------------------------------------------------------------
18/01/2025 21:28:15 INFO    Ini        S.O. version: Microsoft Windows 11 Pro Build(26100)  64 bits
18/01/2025 21:28:15 INFO    Ini        Total memory 2097151 Kb, free 2097151 Kb (100%).
18/01/2025 21:28:15 INFO    Ini        Activating LOG system                ... : Ok.
18/01/2025 21:28:16 INFO    Ini        Activating App status                ... : Ok.
18/01/2025 21:28:16 INFO    Ini        Activating Internet status           ... : Ok.
18/01/2025 21:28:23 WARNING Status     Key pressed: 0x54 [T]
18/01/2025 21:30:27 WARNING Status     Key pressed: 0x1B [?]
18/01/2025 21:30:27 INFO    General    Application closed by the user
18/01/2025 21:30:27 INFO    End        Disabling Internet status            ... : Ok.
18/01/2025 21:30:27 INFO    End        Disabling App status                 ... : Ok.
18/01/2025 21:30:27 INFO    End        Disabling LOG system                 ... : Ok.
18/01/2025 21:30:27 INFO    End        -------------------------------------------------------------------------------------------------------------
19/01/2025 12:37:35 INFO    Ini        -------------------------------------------------------------------------------------------------------------
19/01/2025 12:37:35 INFO    Ini        S.O. version: Microsoft Windows 11 Pro Build(26100)  64 bits
19/01/2025 12:37:35 INFO    Ini        Total memory 2097151 Kb, free 2097151 Kb (100%).
19/01/2025 12:37:35 INFO    Ini        Activating LOG system                ... : Ok.
19/01/2025 12:37:36 INFO    Ini        Activating App status                ... : Ok.
19/01/2025 12:37:36 INFO    Ini        Activating Internet status           ... : Ok.
19/01/2025 12:37:42 WARNING Status     Key pressed: 0x59 [Y]
19/01/2025 12:37:52 WARNING Status     Key pressed: 0x59 [Y]
19/01/2025 12:38:10 INFO    Ini        -------------------------------------------------------------------------------------------------------------
19/01/2025 12:38:10 INFO    Ini        S.O. version: Microsoft Windows 11 Pro Build(26100)  64 bits
19/01/2025 12:38:10 INFO    Ini        Total memory 2097151 Kb, free 2097151 Kb (100%).
19/01/2025 12:38:10 INFO    Ini        Activating LOG system                ... : Ok.
19/01/2025 12:38:10 INFO    Ini        Activating App status                ... : Ok.
19/01/2025 12:38:10 INFO    Ini        Activating Internet status           ... : Ok.
19/01/2025 12:38:16 WARNING Status     Key pressed: 0x59 [Y]
19/01/2025 12:39:44 INFO    Ini        -------------------------------------------------------------------------------------------------------------
19/01/2025 12:39:44 INFO    Ini        S.O. version: Microsoft Windows 11 Pro Build(26100)  64 bits
19/01/2025 12:39:44 INFO    Ini        Total memory 2097151 Kb, free 2097151 Kb (100%).
19/01/2025 12:39:44 INFO    Ini        Activating LOG system                ... : Ok.
19/01/2025 12:39:44 INFO    Ini        Activating App status                ... : Ok.
19/01/2025 12:39:44 INFO    Ini        Activating Internet status           ... : Ok.
19/01/2025 12:40:05 WARNING Status     Key pressed: 0x59 [Y]
19/01/2025 12:41:17 INFO    Ini        -------------------------------------------------------------------------------------------------------------
19/01/2025 12:41:17 INFO    Ini        S.O. version: Microsoft Windows 11 Pro Build(26100)  64 bits
19/01/2025 12:41:17 INFO    Ini        Total memory 2097151 Kb, free 2097151 Kb (100%).
19/01/2025 12:41:17 INFO    Ini        Activating LOG system                ... : Ok.
19/01/2025 12:41:18 INFO    Ini        Activating App status                ... : Ok.
19/01/2025 12:41:18 INFO    Ini        Activating Internet status           ... : Ok.
19/01/2025 12:41:21 WARNING Status     Key pressed: 0x59 [Y]
19/01/2025 12:44:13 INFO    Ini        -------------------------------------------------------------------------------------------------------------
19/01/2025 12:44:13 INFO    Ini        S.O. version: Microsoft Windows 11 Pro Build(26100)  64 bits
19/01/2025 12:44:13 INFO    Ini        Total memory 2097151 Kb, free 2097151 Kb (100%).
19/01/2025 12:44:13 INFO    Ini        Activating LOG system                ... : Ok.
19/01/2025 12:44:13 INFO    Ini        Activating App status                ... : Ok.
19/01/2025 12:44:13 INFO    Ini        Activating Internet status           ... : Ok.
19/01/2025 12:44:20 WARNING Status     Key pressed: 0x59 [Y]
19/01/2025 12:51:10 INFO    Ini        -------------------------------------------------------------------------------------------------------------
19/01/2025 12:51:10 INFO    Ini        S.O. version: Microsoft Windows 11 Pro Build(26100)  64 bits
19/01/2025 12:51:10 INFO    Ini        Total memory 2097151 Kb, free 2097151 Kb (100%).
19/01/2025 12:51:10 INFO    Ini        Activating LOG system                ... : Ok.
19/01/2025 12:51:11 INFO    Ini        Activating App status                ... : Ok.
19/01/2025 12:51:11 INFO    Ini        Activating Internet status           ... : Ok.
19/01/2025 12:51:24 WARNING Status     Key pressed: 0x59 [Y]
19/01/2025 12:52:50 WARNING Status     Key pressed: 0x59 [Y]
19/01/2025 12:54:04 INFO    Ini        -------------------------------------------------------------------------------------------------------------
19/01/2025 12:54:04 INFO    Ini        S.O. version: Microsoft Windows 11 Pro Build(26100)  64 bits
19/01/2025 12:54:04 INFO    Ini        Total memory 2097151 Kb, free 2097151 Kb (100%).
19/01/2025 12:54:04 INFO    Ini        Activating LOG system                ... : Ok.
19/01/2025 12:54:05 INFO    Ini        Activating App status                ... : Ok.
19/01/2025 12:54:05 INFO    Ini        Activating Internet status           ... : Ok.
19/01/2025 12:54:45 WARNING Status     Key pressed: 0x59 [Y]
19/01/2025 12:56:12 WARNING Status     Key pressed: 0x1B [?]
19/01/2025 12:56:12 INFO    General    Application closed by the user
19/01/2025 12:56:12 INFO    End        Disabling Internet status            ... : Ok.
19/01/2025 12:56:12 INFO    End        Disabling App status                 ... : Ok.
19/01/2025 12:56:12 INFO    End        Disabling LOG system                 ... : Ok.
19/01/2025 12:56:12 INFO    End        -------------------------------------------------------------------------------------------------------------
19/01/2025 19:00:22 INFO    Ini        -------------------------------------------------------------------------------------------------------------
19/01/2025 19:00:22 INFO    Ini        S.O. version: Microsoft Windows 11 Pro Build(26100)  64 bits
19/01/2025 19:00:22 INFO    Ini        Total memory 2097151 Kb, free 2097151 Kb (100%).
19/01/2025 19:00:22 INFO    Ini        Activating LOG system                ... : Ok.
19/01/2025 19:00:23 INFO    Ini        Activating App status                ... : Ok.
19/01/2025 19:00:23 INFO    Ini        Activating Internet status           ... : Ok.
19/01/2025 19:00:51 INFO    Ini        -------------------------------------------------------------------------------------------------------------
19/01/2025 19:00:51 INFO    Ini        S.O. version: Microsoft Windows 11 Pro Build(26100)  64 bits
19/01/2025 19:00:51 INFO    Ini        Total memory 2097151 Kb, free 2097151 Kb (100%).
19/01/2025 19:00:51 INFO    Ini        Activating LOG system                ... : Ok.
19/01/2025 19:00:51 INFO    Ini        Activating App status                ... : Ok.
19/01/2025 19:00:51 INFO    Ini        Activating Internet status           ... : Ok.
19/01/2025 19:01:03 WARNING Status     Key pressed: 0x59 [Y]
19/01/2025 19:01:51 INFO    Ini        -------------------------------------------------------------------------------------------------------------
19/01/2025 19:01:51 INFO    Ini        S.O. version: Microsoft Windows 11 Pro Build(26100)  64 bits
19/01/2025 19:01:51 INFO    Ini        Total memory 2097151 Kb, free 2097151 Kb (100%).
19/01/2025 19:01:51 INFO    Ini        Activating LOG system                ... : Ok.
19/01/2025 19:01:51 INFO    Ini        Activating App status                ... : Ok.
19/01/2025 19:01:51 INFO    Ini        Activating Internet status           ... : Ok.
19/01/2025 19:02:01 WARNING Status     Key pressed: 0x59 [Y]
19/01/2025 19:02:51 INFO    Ini        -------------------------------------------------------------------------------------------------------------
19/01/2025 19:02:51 INFO    Ini        S.O. version: Microsoft Windows 11 Pro Build(26100)  64 bits
19/01/2025 19:02:51 INFO    Ini        Total memory 2097151 Kb, free 2097151 Kb (100%).
19/01/2025 19:02:51 INFO    Ini        Activating LOG system                ... : Ok.
19/01/2025 19:02:52 INFO    Ini        Activating App status                ... : Ok.
19/01/2025 19:02:52 INFO    Ini        Activating Internet status           ... : Ok.
19/01/2025 19:02:57 WARNING Status     Key pressed: 0x59 [Y]
19/01/2025 19:03:25 INFO    Ini        -------------------------------------------------------------------------------------------------------------
19/01/2025 19:03:25 INFO    Ini        S.O. version: Microsoft Windows 11 Pro Build(26100)  64 bits
19/01/2025 19:03:25 INFO    Ini        Total memory 2097151 Kb, free 2097151 Kb (100%).
19/01/2025 19:03:25 INFO    Ini        Activating LOG system                ... : Ok.
19/01/2025 19:03:25 INFO    Ini        Activating App status                ... : Ok.
19/01/2025 19:03:25 INFO    Ini        Activating Internet status           ... : Ok.
19/01/2025 19:03:31 WARNING Status     Key pressed: 0x59 [Y]
19/01/2025 19:05:20 INFO    Ini        -------------------------------------------------------------------------------------------------------------
19/01/2025 19:05:20 INFO    Ini        S.O. version: Microsoft Windows 11 Pro Build(26100)  64 bits
19/01/2025 19:05:20 INFO    Ini        Total memory 2097151 Kb, free 2097151 Kb (100%).
19/01/2025 19:05:20 INFO    Ini        Activating LOG system                ... : Ok.
19/01/2025 19:05:20 INFO    Ini        Activating App status                ... : Ok.
19/01/2025 19:05:20 INFO    Ini        Activating Internet status           ... : Ok.
19/01/2025 19:05:26 WARNING Status     Key pressed: 0x59 [Y]
19/01/2025 19:11:03 INFO    Ini        -------------------------------------------------------------------------------------------------------------
19/01/2025 19:11:03 INFO    Ini        S.O. version: Microsoft Windows 11 Pro Build(26100)  64 bits
19/01/2025 19:11:03 INFO    Ini        Total memory 2097151 Kb, free 2097151 Kb (100%).
19/01/2025 19:11:03 INFO    Ini        Activating LOG system                ... : Ok.
19/01/2025 19:11:03 INFO    Ini        Activating App status                ... : Ok.
19/01/2025 19:11:03 INFO    Ini        Activating Internet status           ... : Ok.
19/01/2025 19:11:12 WARNING Status     Key pressed: 0x59 [Y]
19/01/2025 19:12:31 WARNING Status     Key pressed: 0x1B [?]
19/01/2025 19:12:31 INFO    General    Application closed by the user
19/01/2025 19:12:31 INFO    End        Disabling Internet status            ... : Ok.
19/01/2025 19:12:31 INFO    End        Disabling App status                 ... : Ok.
19/01/2025 19:12:31 INFO    End        Disabling LOG system                 ... : Ok.
19/01/2025 19:12:31 INFO    End        -------------------------------------------------------------------------------------------------------------
